<?xml version="1.0" encoding="UTF-8"?>
<testng-results ignored="0" total="2" passed="1" failed="1" skipped="0">
  <reporter-output>
  </reporter-output>
  <suite started-at="2023-07-08T21:28:48 PDT" name="Default suite" finished-at="2023-07-08T21:29:36 PDT" duration-ms="48091">
    <groups>
      <group name="functionalTest">
        <method signature="TestCase3.launchAmazonBrowser()[pri:0, instance:SeleniumTestNGWithMaven.SeleniumTestNG.TestCase3@c730b35]" name="launchAmazonBrowser" class="SeleniumTestNGWithMaven.SeleniumTestNG.TestCase3"/>
      </group> <!-- functionalTest -->
    </groups>
    <test started-at="2023-07-08T21:28:48 PDT" name="Default test" finished-at="2023-07-08T21:29:36 PDT" duration-ms="48091">
      <class name="SeleniumTestNGWithMaven.SeleniumTestNG.TestCase3">
        <test-method is-config="true" signature="launchBrowser()[pri:0, instance:SeleniumTestNGWithMaven.SeleniumTestNG.TestCase3@c730b35]" started-at="2023-07-08T21:28:48 PDT" name="launchBrowser" finished-at="2023-07-08T21:28:55 PDT" duration-ms="7427" status="PASS">
          <reporter-output>
          </reporter-output>
        </test-method> <!-- launchBrowser -->
        <test-method signature="clickGoogleAPP()[pri:0, instance:SeleniumTestNGWithMaven.SeleniumTestNG.TestCase3@c730b35]" started-at="2023-07-08T21:28:55 PDT" name="clickGoogleAPP" finished-at="2023-07-08T21:29:23 PDT" duration-ms="27963" status="FAIL">
          <exception class="org.openqa.selenium.ElementNotInteractableException">
            <message>
              <![CDATA[element not interactable
  (Session info: chrome=114.0.5735.199)
Build info: version: '4.10.0', revision: 'c14d967899'
System info: os.name: 'Windows 11', os.arch: 'amd64', os.version: '10.0', java.version: '17.0.7'
Driver info: org.openqa.selenium.chrome.ChromeDriver
Command: [12fb09eac91b79dda91fdc374fe3e3e7, clickElement {id=5790CEEEA2FEBCE78F572708BB4671E6_element_59}]
Capabilities {acceptInsecureCerts: false, browserName: chrome, browserVersion: 114.0.5735.199, chrome: {chromedriverVersion: 114.0.5735.90 (386bc09e8f4f..., userDataDir: C:\Users\vadde\AppData\Loca...}, goog:chromeOptions: {debuggerAddress: localhost:55849}, networkConnectionEnabled: false, pageLoadStrategy: normal, platformName: windows, proxy: Proxy(), se:cdp: ws://localhost:55849/devtoo..., se:cdpVersion: 114.0.5735.199, setWindowRect: true, strictFileInteractability: false, timeouts: {implicit: 0, pageLoad: 300000, script: 30000}, unhandledPromptBehavior: dismiss and notify, webauthn:extension:credBlob: true, webauthn:extension:largeBlob: true, webauthn:extension:minPinLength: true, webauthn:extension:prf: true, webauthn:virtualAuthenticators: true}
Element: [[ChromeDriver: chrome on windows (12fb09eac91b79dda91fdc374fe3e3e7)] -> css selector: #yDmH0d > c-wiz > div > div > c-wiz > div > div > div.v7bWUd > div.o83JEf > div:nth-child(1) > ul > li:nth-child(5) > a]
Session ID: 12fb09eac91b79dda91fdc374fe3e3e7]]>
            </message>
            <full-stacktrace>
              <![CDATA[org.openqa.selenium.ElementNotInteractableException: element not interactable
  (Session info: chrome=114.0.5735.199)
Build info: version: '4.10.0', revision: 'c14d967899'
System info: os.name: 'Windows 11', os.arch: 'amd64', os.version: '10.0', java.version: '17.0.7'
Driver info: org.openqa.selenium.chrome.ChromeDriver
Command: [12fb09eac91b79dda91fdc374fe3e3e7, clickElement {id=5790CEEEA2FEBCE78F572708BB4671E6_element_59}]
Capabilities {acceptInsecureCerts: false, browserName: chrome, browserVersion: 114.0.5735.199, chrome: {chromedriverVersion: 114.0.5735.90 (386bc09e8f4f..., userDataDir: C:\Users\vadde\AppData\Loca...}, goog:chromeOptions: {debuggerAddress: localhost:55849}, networkConnectionEnabled: false, pageLoadStrategy: normal, platformName: windows, proxy: Proxy(), se:cdp: ws://localhost:55849/devtoo..., se:cdpVersion: 114.0.5735.199, setWindowRect: true, strictFileInteractability: false, timeouts: {implicit: 0, pageLoad: 300000, script: 30000}, unhandledPromptBehavior: dismiss and notify, webauthn:extension:credBlob: true, webauthn:extension:largeBlob: true, webauthn:extension:minPinLength: true, webauthn:extension:prf: true, webauthn:virtualAuthenticators: true}
Element: [[ChromeDriver: chrome on windows (12fb09eac91b79dda91fdc374fe3e3e7)] -> css selector: #yDmH0d > c-wiz > div > div > c-wiz > div > div > div.v7bWUd > div.o83JEf > div:nth-child(1) > ul > li:nth-child(5) > a]
Session ID: 12fb09eac91b79dda91fdc374fe3e3e7
at java.base/jdk.internal.reflect.NativeConstructorAccessorImpl.newInstance0(Native Method)
at java.base/jdk.internal.reflect.NativeConstructorAccessorImpl.newInstance(NativeConstructorAccessorImpl.java:77)
at java.base/jdk.internal.reflect.DelegatingConstructorAccessorImpl.newInstance(DelegatingConstructorAccessorImpl.java:45)
at java.base/java.lang.reflect.Constructor.newInstanceWithCaller(Constructor.java:499)
at java.base/java.lang.reflect.Constructor.newInstance(Constructor.java:480)
at org.openqa.selenium.remote.codec.w3c.W3CHttpResponseCodec.createException(W3CHttpResponseCodec.java:199)
at org.openqa.selenium.remote.codec.w3c.W3CHttpResponseCodec.decode(W3CHttpResponseCodec.java:132)
at org.openqa.selenium.remote.codec.w3c.W3CHttpResponseCodec.decode(W3CHttpResponseCodec.java:51)
at org.openqa.selenium.remote.HttpCommandExecutor.execute(HttpCommandExecutor.java:191)
at org.openqa.selenium.remote.service.DriverCommandExecutor.invokeExecute(DriverCommandExecutor.java:196)
at org.openqa.selenium.remote.service.DriverCommandExecutor.execute(DriverCommandExecutor.java:171)
at org.openqa.selenium.remote.RemoteWebDriver.execute(RemoteWebDriver.java:531)
at org.openqa.selenium.remote.RemoteWebElement.execute(RemoteWebElement.java:242)
at org.openqa.selenium.remote.RemoteWebElement.click(RemoteWebElement.java:77)
at SeleniumTestNGWithMaven.SeleniumTestNG.TestCase3.clickGoogleAPP(TestCase3.java:31)
at java.base/jdk.internal.reflect.NativeMethodAccessorImpl.invoke0(Native Method)
at java.base/jdk.internal.reflect.NativeMethodAccessorImpl.invoke(NativeMethodAccessorImpl.java:77)
at java.base/jdk.internal.reflect.DelegatingMethodAccessorImpl.invoke(DelegatingMethodAccessorImpl.java:43)
at java.base/java.lang.reflect.Method.invoke(Method.java:568)
at org.testng.internal.invokers.MethodInvocationHelper.invokeMethod(MethodInvocationHelper.java:139)
at org.testng.internal.invokers.TestInvoker.invokeMethod(TestInvoker.java:664)
at org.testng.internal.invokers.TestInvoker.invokeTestMethod(TestInvoker.java:227)
at org.testng.internal.invokers.MethodRunner.runInSequence(MethodRunner.java:50)
at org.testng.internal.invokers.TestInvoker$MethodInvocationAgent.invoke(TestInvoker.java:957)
at org.testng.internal.invokers.TestInvoker.invokeTestMethods(TestInvoker.java:200)
at org.testng.internal.invokers.TestMethodWorker.invokeTestMethods(TestMethodWorker.java:148)
at org.testng.internal.invokers.TestMethodWorker.run(TestMethodWorker.java:128)
at java.base/java.util.ArrayList.forEach(ArrayList.java:1511)
at org.testng.TestRunner.privateRun(TestRunner.java:848)
at org.testng.TestRunner.run(TestRunner.java:621)
at org.testng.SuiteRunner.runTest(SuiteRunner.java:443)
at org.testng.SuiteRunner.runSequentially(SuiteRunner.java:437)
at org.testng.SuiteRunner.privateRun(SuiteRunner.java:397)
at org.testng.SuiteRunner.run(SuiteRunner.java:336)
at org.testng.SuiteRunnerWorker.runSuite(SuiteRunnerWorker.java:52)
at org.testng.SuiteRunnerWorker.run(SuiteRunnerWorker.java:95)
at org.testng.TestNG.runSuitesSequentially(TestNG.java:1280)
at org.testng.TestNG.runSuitesLocally(TestNG.java:1200)
at org.testng.TestNG.runSuites(TestNG.java:1114)
at org.testng.TestNG.run(TestNG.java:1082)
at org.testng.remote.AbstractRemoteTestNG.run(AbstractRemoteTestNG.java:115)
at org.testng.remote.RemoteTestNG.initAndRun(RemoteTestNG.java:251)
at org.testng.remote.RemoteTestNG.main(RemoteTestNG.java:77)
]]>
            </full-stacktrace>
          </exception> <!-- org.openqa.selenium.ElementNotInteractableException -->
          <reporter-output>
          </reporter-output>
        </test-method> <!-- clickGoogleAPP -->
        <test-method is-config="true" signature="closeBrowser()[pri:0, instance:SeleniumTestNGWithMaven.SeleniumTestNG.TestCase3@c730b35]" started-at="2023-07-08T21:29:23 PDT" name="closeBrowser" finished-at="2023-07-08T21:29:23 PDT" duration-ms="101" status="PASS">
          <reporter-output>
          </reporter-output>
        </test-method> <!-- closeBrowser -->
        <test-method is-config="true" signature="launchBrowser()[pri:0, instance:SeleniumTestNGWithMaven.SeleniumTestNG.TestCase3@c730b35]" started-at="2023-07-08T21:29:23 PDT" name="launchBrowser" finished-at="2023-07-08T21:29:28 PDT" duration-ms="4890" status="PASS">
          <reporter-output>
          </reporter-output>
        </test-method> <!-- launchBrowser -->
        <test-method signature="launchAmazonBrowser()[pri:0, instance:SeleniumTestNGWithMaven.SeleniumTestNG.TestCase3@c730b35]" started-at="2023-07-08T21:29:28 PDT" name="launchAmazonBrowser" finished-at="2023-07-08T21:29:36 PDT" duration-ms="7401" status="PASS">
          <reporter-output>
          </reporter-output>
        </test-method> <!-- launchAmazonBrowser -->
        <test-method is-config="true" signature="closeBrowser()[pri:0, instance:SeleniumTestNGWithMaven.SeleniumTestNG.TestCase3@c730b35]" started-at="2023-07-08T21:29:36 PDT" name="closeBrowser" finished-at="2023-07-08T21:29:36 PDT" duration-ms="227" status="PASS">
          <reporter-output>
          </reporter-output>
        </test-method> <!-- closeBrowser -->
      </class> <!-- SeleniumTestNGWithMaven.SeleniumTestNG.TestCase3 -->
    </test> <!-- Default test -->
  </suite> <!-- Default suite -->
</testng-results>
